<?xml version="1.0" encoding="UTF-8"?>
<!-- Generated by org.testng.reporters.JUnitReportReporter -->
<testsuite hostname="LAPTOP-D78H200V" failures="0" tests="2" name="Frame.Test_case" time="37.034" errors="0" timestamp="2022-12-12T10:19:03 IST" skipped="1">
  <testcase classname="Frame.Test_case" name="tc2" time="37.034"/>
  <system-out/>
  <testcase classname="Frame.Test_case" name="tc1">
    <skipped/>
  </testcase> <!-- tc1 -->
  <system-out/>
</testsuite> <!-- Frame.Test_case -->
